[2020-12-27 02:10:31]
      Text error: No connection to db | File: D:\downloads\OSPanel\domains\ishop.loc\vendor\ishop\core\Db.php | Line: 16
=========================
[2020-12-27 22:16:58]
      Text error: Page Not Found | File: D:\downloads\OSPanel\domains\ishop.loc\vendor\ishop\core\Router.php | Line: 44
=========================
[2020-12-27 22:16:58]
      Text error: Page Not Found | File: D:\downloads\OSPanel\domains\ishop.loc\vendor\ishop\core\Router.php | Line: 44
=========================
[2020-12-27 22:16:58]
      Text error: Page Not Found | File: D:\downloads\OSPanel\domains\ishop.loc\vendor\ishop\core\Router.php | Line: 44
=========================
[2020-12-27 22:16:58]
      Text error: Page Not Found | File: D:\downloads\OSPanel\domains\ishop.loc\vendor\ishop\core\Router.php | Line: 44
=========================
[2020-12-27 22:16:58]
      Text error: Page Not Found | File: D:\downloads\OSPanel\domains\ishop.loc\vendor\ishop\core\Router.php | Line: 44
=========================
[2020-12-27 22:16:58]
      Text error: Page Not Found | File: D:\downloads\OSPanel\domains\ishop.loc\vendor\ishop\core\Router.php | Line: 44
=========================
[2020-12-27 22:16:58]
      Text error: Page Not Found | File: D:\downloads\OSPanel\domains\ishop.loc\vendor\ishop\core\Router.php | Line: 44
=========================
[2020-12-27 22:16:58]
      Text error: Page Not Found | File: D:\downloads\OSPanel\domains\ishop.loc\vendor\ishop\core\Router.php | Line: 44
=========================
[2020-12-27 22:16:58]
      Text error: Page Not Found | File: D:\downloads\OSPanel\domains\ishop.loc\vendor\ishop\core\Router.php | Line: 44
=========================
[2020-12-27 22:16:58]
      Text error: Page Not Found | File: D:\downloads\OSPanel\domains\ishop.loc\vendor\ishop\core\Router.php | Line: 44
=========================
[2020-12-27 22:16:58]
      Text error: Page Not Found | File: D:\downloads\OSPanel\domains\ishop.loc\vendor\ishop\core\Router.php | Line: 44
=========================
[2020-12-27 22:16:58]
      Text error: Page Not Found | File: D:\downloads\OSPanel\domains\ishop.loc\vendor\ishop\core\Router.php | Line: 44
=========================
[2020-12-27 22:16:58]
      Text error: Page Not Found | File: D:\downloads\OSPanel\domains\ishop.loc\vendor\ishop\core\Router.php | Line: 44
=========================
[2020-12-27 22:16:58]
      Text error: Page Not Found | File: D:\downloads\OSPanel\domains\ishop.loc\vendor\ishop\core\Router.php | Line: 44
=========================
[2020-12-27 22:16:58]
      Text error: Page Not Found | File: D:\downloads\OSPanel\domains\ishop.loc\vendor\ishop\core\Router.php | Line: 44
=========================
[2020-12-27 22:16:58]
      Text error: Page Not Found | File: D:\downloads\OSPanel\domains\ishop.loc\vendor\ishop\core\Router.php | Line: 44
=========================
[2020-12-27 22:16:58]
      Text error: Page Not Found | File: D:\downloads\OSPanel\domains\ishop.loc\vendor\ishop\core\Router.php | Line: 44
=========================
[2020-12-27 22:16:58]
      Text error: Page Not Found | File: D:\downloads\OSPanel\domains\ishop.loc\vendor\ishop\core\Router.php | Line: 44
=========================
[2020-12-27 22:16:58]
      Text error: Page Not Found | File: D:\downloads\OSPanel\domains\ishop.loc\vendor\ishop\core\Router.php | Line: 44
=========================
[2020-12-27 22:16:58]
      Text error: Page Not Found | File: D:\downloads\OSPanel\domains\ishop.loc\vendor\ishop\core\Router.php | Line: 44
=========================
[2020-12-27 22:16:58]
      Text error: Page Not Found | File: D:\downloads\OSPanel\domains\ishop.loc\vendor\ishop\core\Router.php | Line: 44
=========================
[2020-12-27 22:16:58]
      Text error: Page Not Found | File: D:\downloads\OSPanel\domains\ishop.loc\vendor\ishop\core\Router.php | Line: 44
=========================
[2020-12-27 22:16:58]
      Text error: Page Not Found | File: D:\downloads\OSPanel\domains\ishop.loc\vendor\ishop\core\Router.php | Line: 44
=========================
[2020-12-27 22:16:58]
      Text error: Page Not Found | File: D:\downloads\OSPanel\domains\ishop.loc\vendor\ishop\core\Router.php | Line: 44
=========================
[2020-12-27 22:16:58]
      Text error: Page Not Found | File: D:\downloads\OSPanel\domains\ishop.loc\vendor\ishop\core\Router.php | Line: 44
=========================
[2020-12-27 22:16:58]
      Text error: Page Not Found | File: D:\downloads\OSPanel\domains\ishop.loc\vendor\ishop\core\Router.php | Line: 44
=========================
[2020-12-27 22:16:58]
      Text error: Page Not Found | File: D:\downloads\OSPanel\domains\ishop.loc\vendor\ishop\core\Router.php | Line: 44
=========================
[2020-12-27 22:16:58]
      Text error: Page Not Found | File: D:\downloads\OSPanel\domains\ishop.loc\vendor\ishop\core\Router.php | Line: 44
=========================
[2020-12-27 22:16:58]
      Text error: Page Not Found | File: D:\downloads\OSPanel\domains\ishop.loc\vendor\ishop\core\Router.php | Line: 44
=========================
[2020-12-27 22:16:58]
      Text error: Page Not Found | File: D:\downloads\OSPanel\domains\ishop.loc\vendor\ishop\core\Router.php | Line: 44
=========================
[2020-12-27 22:20:05]
      Text error: Page Not Found | File: D:\downloads\OSPanel\domains\ishop.loc\vendor\ishop\core\Router.php | Line: 44
=========================
[2020-12-27 22:30:30]
      Text error: Page Not Found | File: D:\downloads\OSPanel\domains\ishop.loc\vendor\ishop\core\Router.php | Line: 44
=========================
[2020-12-28 22:42:40]
      Text error: Page Not Found | File: D:\downloads\OSPanel\domains\ishop.loc\vendor\ishop\core\Router.php | Line: 44
=========================
[2021-01-23 21:18:23]
      Text error: Page Not Found | File: D:\downloads\OSPanel\domains\ishop.loc\vendor\ishop\core\Router.php | Line: 44
=========================
[2021-01-23 22:09:31]
      Text error: syntax error, unexpected ')', expecting '[' | File: D:\downloads\OSPanel\domains\ishop.loc\app\views\Main\index.php | Line: 49
=========================
[2021-01-23 22:15:13]
      Text error: syntax error, unexpected ')', expecting '[' | File: D:\downloads\OSPanel\domains\ishop.loc\app\views\Main\index.php | Line: 49
=========================
[2021-01-23 22:15:32]
      Text error: syntax error, unexpected ')', expecting '[' | File: D:\downloads\OSPanel\domains\ishop.loc\app\views\Main\index.php | Line: 49
=========================
[2021-01-23 22:18:55]
      Text error: Page Not Found | File: D:\downloads\OSPanel\domains\ishop.loc\vendor\ishop\core\Router.php | Line: 44
=========================
[2021-01-23 22:22:26]
      Text error: Page Not Found | File: D:\downloads\OSPanel\domains\ishop.loc\vendor\ishop\core\Router.php | Line: 44
=========================
[2021-01-23 22:43:53]
      Text error: Page Not Found | File: D:\downloads\OSPanel\domains\ishop.loc\vendor\ishop\core\Router.php | Line: 44
=========================
[2021-01-23 22:45:42]
      Text error: Page Not Found | File: D:\downloads\OSPanel\domains\ishop.loc\vendor\ishop\core\Router.php | Line: 44
=========================
[2021-01-23 22:47:01]
      Text error: Page Not Found | File: D:\downloads\OSPanel\domains\ishop.loc\vendor\ishop\core\Router.php | Line: 44
=========================
[2021-01-23 22:50:18]
      Text error: Page Not Found | File: D:\downloads\OSPanel\domains\ishop.loc\vendor\ishop\core\Router.php | Line: 44
=========================
[2021-01-24 16:20:54]
      Text error: syntax error, unexpected 'App' (T_STRING) | File: D:\downloads\OSPanel\domains\ishop.loc\app\controllers\AppController.php | Line: 17
=========================
[2021-01-24 16:21:07]
      Text error: Page Not Found | File: D:\downloads\OSPanel\domains\ishop.loc\vendor\ishop\core\Router.php | Line: 44
=========================
[2021-01-24 17:18:47]
      Text error: Class 'R' not found | File: D:\downloads\OSPanel\domains\ishop.loc\app\controllers\CurrencyController.php | Line: 13
=========================
[2021-01-24 17:19:19]
      Text error: Class 'R' not found | File: D:\downloads\OSPanel\domains\ishop.loc\app\controllers\CurrencyController.php | Line: 11
=========================
[2021-01-24 20:07:50]
      Text error: syntax error, unexpected '[', expecting ';' or '{' | File: D:\downloads\OSPanel\domains\ishop.loc\app\widgets\menu\Menu.php | Line: 37
=========================
[2021-01-24 20:41:17]
      Text error: Page Not Found | File: D:\downloads\OSPanel\domains\ishop.loc\vendor\ishop\core\Router.php | Line: 44
=========================
[2021-01-24 21:03:12]
      Text error: syntax error, unexpected 'protected' (T_PROTECTED), expecting variable (T_VARIABLE) | File: D:\downloads\OSPanel\domains\ishop.loc\app\widgets\menu\Menu.php | Line: 17
=========================
[2021-01-24 21:14:56]
      Text error: Layout  not found | File: D:\downloads\OSPanel\domains\ishop.loc\vendor\ishop\core\base\View.php | Line: 53
=========================
[2021-01-24 21:29:19]
      Text error: Page Not Found | File: D:\downloads\OSPanel\domains\ishop.loc\vendor\ishop\core\Router.php | Line: 44
=========================
[2021-01-24 21:29:51]
      Text error: Page Not Found | File: D:\downloads\OSPanel\domains\ishop.loc\vendor\ishop\core\Router.php | Line: 44
=========================
[2021-01-24 21:30:12]
      Text error: Page Not Found | File: D:\downloads\OSPanel\domains\ishop.loc\vendor\ishop\core\Router.php | Line: 44
=========================
[2021-01-24 21:30:12]
      Text error: Page Not Found | File: D:\downloads\OSPanel\domains\ishop.loc\vendor\ishop\core\Router.php | Line: 44
=========================
[2021-01-24 21:31:18]
      Text error: Page Not Found | File: D:\downloads\OSPanel\domains\ishop.loc\vendor\ishop\core\Router.php | Line: 44
=========================
[2021-01-24 21:31:38]
      Text error: Page Not Found | File: D:\downloads\OSPanel\domains\ishop.loc\vendor\ishop\core\Router.php | Line: 44
=========================
[2021-01-24 21:35:11]
      Text error: Page Not Found | File: D:\downloads\OSPanel\domains\ishop.loc\vendor\ishop\core\Router.php | Line: 44
=========================
[2021-01-24 21:35:55]
      Text error: Page Not Found | File: D:\downloads\OSPanel\domains\ishop.loc\vendor\ishop\core\Router.php | Line: 44
=========================
[2021-01-24 21:37:27]
      Text error: Page Not Found | File: D:\downloads\OSPanel\domains\ishop.loc\vendor\ishop\core\Router.php | Line: 44
=========================
[2021-01-24 21:37:27]
      Text error: Page Not Found | File: D:\downloads\OSPanel\domains\ishop.loc\vendor\ishop\core\Router.php | Line: 44
=========================
[2021-01-24 21:40:13]
      Text error: Page Not Found | File: D:\downloads\OSPanel\domains\ishop.loc\vendor\ishop\core\Router.php | Line: 44
=========================
[2021-01-24 21:40:13]
      Text error: Page Not Found | File: D:\downloads\OSPanel\domains\ishop.loc\vendor\ishop\core\Router.php | Line: 44
=========================
[2021-01-24 21:40:57]
      Text error: Page Not Found | File: D:\downloads\OSPanel\domains\ishop.loc\vendor\ishop\core\Router.php | Line: 44
=========================
[2021-01-24 21:40:57]
      Text error: Page Not Found | File: D:\downloads\OSPanel\domains\ishop.loc\vendor\ishop\core\Router.php | Line: 44
=========================
[2021-01-24 21:40:58]
      Text error: Page Not Found | File: D:\downloads\OSPanel\domains\ishop.loc\vendor\ishop\core\Router.php | Line: 44
=========================
[2021-01-24 21:42:03]
      Text error: Page Not Found | File: D:\downloads\OSPanel\domains\ishop.loc\vendor\ishop\core\Router.php | Line: 44
=========================
[2021-01-24 21:42:03]
      Text error: Page Not Found | File: D:\downloads\OSPanel\domains\ishop.loc\vendor\ishop\core\Router.php | Line: 44
=========================
[2021-01-24 21:42:06]
      Text error: Page Not Found | File: D:\downloads\OSPanel\domains\ishop.loc\vendor\ishop\core\Router.php | Line: 44
=========================
[2021-01-24 21:42:07]
      Text error: Page Not Found | File: D:\downloads\OSPanel\domains\ishop.loc\vendor\ishop\core\Router.php | Line: 44
=========================
[2021-01-24 21:42:08]
      Text error: Page Not Found | File: D:\downloads\OSPanel\domains\ishop.loc\vendor\ishop\core\Router.php | Line: 44
=========================
[2021-01-24 21:42:23]
      Text error: Page Not Found | File: D:\downloads\OSPanel\domains\ishop.loc\vendor\ishop\core\Router.php | Line: 44
=========================
[2021-01-24 21:42:23]
      Text error: Page Not Found | File: D:\downloads\OSPanel\domains\ishop.loc\vendor\ishop\core\Router.php | Line: 44
=========================
[2021-01-24 21:42:23]
      Text error: Page Not Found | File: D:\downloads\OSPanel\domains\ishop.loc\vendor\ishop\core\Router.php | Line: 44
=========================
[2021-01-24 21:43:24]
      Text error: Page Not Found | File: D:\downloads\OSPanel\domains\ishop.loc\vendor\ishop\core\Router.php | Line: 44
=========================
[2021-01-24 21:43:24]
      Text error: Page Not Found | File: D:\downloads\OSPanel\domains\ishop.loc\vendor\ishop\core\Router.php | Line: 44
=========================
[2021-01-24 21:43:34]
      Text error: Page Not Found | File: D:\downloads\OSPanel\domains\ishop.loc\vendor\ishop\core\Router.php | Line: 44
=========================
[2021-01-30 16:17:20]
      Text error: Page Not Found | File: D:\downloads\OSPanel\domains\ishop.loc\vendor\ishop\core\Router.php | Line: 44
=========================
[2021-01-30 16:17:48]
      Text error: Controller app\controllers\CategoryController not found | File: D:\downloads\OSPanel\domains\ishop.loc\vendor\ishop\core\Router.php | Line: 41
=========================
[2021-01-30 16:31:07]
      Text error: Page Not Found | File: D:\downloads\OSPanel\domains\ishop.loc\vendor\ishop\core\Router.php | Line: 44
=========================
[2021-01-30 16:35:18]
      Text error: View  not found | File: D:\downloads\OSPanel\domains\ishop.loc\vendor\ishop\core\base\View.php | Line: 44
=========================
[2021-01-30 16:35:41]
      Text error: Page Not Found | File: D:\downloads\OSPanel\domains\ishop.loc\vendor\ishop\core\Router.php | Line: 44
=========================
[2021-01-30 16:35:41]
      Text error: Page Not Found | File: D:\downloads\OSPanel\domains\ishop.loc\vendor\ishop\core\Router.php | Line: 44
=========================
[2021-01-30 16:35:41]
      Text error: Page Not Found | File: D:\downloads\OSPanel\domains\ishop.loc\vendor\ishop\core\Router.php | Line: 44
=========================
[2021-01-30 16:35:41]
      Text error: Page Not Found | File: D:\downloads\OSPanel\domains\ishop.loc\vendor\ishop\core\Router.php | Line: 44
=========================
[2021-01-30 16:35:41]
      Text error: Page Not Found | File: D:\downloads\OSPanel\domains\ishop.loc\vendor\ishop\core\Router.php | Line: 44
=========================
[2021-01-30 16:35:41]
      Text error: Page Not Found | File: D:\downloads\OSPanel\domains\ishop.loc\vendor\ishop\core\Router.php | Line: 44
=========================
[2021-01-30 16:35:41]
      Text error: Page Not Found | File: D:\downloads\OSPanel\domains\ishop.loc\vendor\ishop\core\Router.php | Line: 44
=========================
[2021-01-30 16:35:41]
      Text error: Page Not Found | File: D:\downloads\OSPanel\domains\ishop.loc\vendor\ishop\core\Router.php | Line: 44
=========================
[2021-01-30 16:35:41]
      Text error: Page Not Found | File: D:\downloads\OSPanel\domains\ishop.loc\vendor\ishop\core\Router.php | Line: 44
=========================
[2021-01-30 16:35:41]
      Text error: Page Not Found | File: D:\downloads\OSPanel\domains\ishop.loc\vendor\ishop\core\Router.php | Line: 44
=========================
[2021-01-30 16:35:41]
      Text error: Page Not Found | File: D:\downloads\OSPanel\domains\ishop.loc\vendor\ishop\core\Router.php | Line: 44
=========================
[2021-01-30 16:36:47]
      Text error: Page Not Found | File: D:\downloads\OSPanel\domains\ishop.loc\vendor\ishop\core\Router.php | Line: 44
=========================
[2021-01-30 16:44:58]
      Text error: Page not found | File: D:\downloads\OSPanel\domains\ishop.loc\app\controllers\ProductController.php | Line: 14
=========================
[2021-01-30 17:54:26]
      Text error: syntax error, unexpected 'else' (T_ELSE) | File: D:\downloads\OSPanel\domains\ishop.loc\app\views\Product\view.php | Line: 28
=========================
[2021-02-04 21:54:42]
      Text error: Page Not Found | File: D:\downloads\OSPanel\domains\ishop.loc\vendor\ishop\core\Router.php | Line: 44
=========================
[2021-02-04 22:23:53]
      Text error: Class 'app\controllers\Product' not found | File: D:\downloads\OSPanel\domains\ishop.loc\app\controllers\ProductController.php | Line: 25
=========================
[2021-02-04 22:24:25]
      Text error: Class 'app\models\Product' not found | File: D:\downloads\OSPanel\domains\ishop.loc\app\controllers\ProductController.php | Line: 27
=========================
[2021-02-04 22:26:29]
      Text error: syntax error, unexpected '$pModel' (T_VARIABLE) | File: D:\downloads\OSPanel\domains\ishop.loc\app\controllers\ProductController.php | Line: 28
=========================
[2021-02-04 22:26:42]
      Text error: Class 'app\models\Product' not found | File: D:\downloads\OSPanel\domains\ishop.loc\app\controllers\ProductController.php | Line: 27
=========================
[2021-02-04 22:28:48]
      Text error: Class 'app\models\Product' not found | File: D:\downloads\OSPanel\domains\ishop.loc\app\controllers\ProductController.php | Line: 27
=========================
[2021-02-04 22:28:49]
      Text error: Class 'app\models\Product' not found | File: D:\downloads\OSPanel\domains\ishop.loc\app\controllers\ProductController.php | Line: 27
=========================
[2021-02-04 22:28:49]
      Text error: Class 'app\models\Product' not found | File: D:\downloads\OSPanel\domains\ishop.loc\app\controllers\ProductController.php | Line: 27
=========================
[2021-02-04 22:28:58]
      Text error: Class 'app\models\Product' not found | File: D:\downloads\OSPanel\domains\ishop.loc\app\controllers\ProductController.php | Line: 27
=========================
[2021-02-04 22:29:38]
      Text error: Class 'app\models\Product' not found | File: D:\downloads\OSPanel\domains\ishop.loc\app\controllers\ProductController.php | Line: 27
=========================
[2021-02-04 22:35:34]
      Text error: Call to undefined function app\models\debug() | File: D:\downloads\OSPanel\domains\ishop.loc\app\models\Product.php | Line: 14
=========================
[2021-02-04 22:51:42]
      Text error: syntax error, unexpected '}' | File: D:\downloads\OSPanel\domains\ishop.loc\app\controllers\ProductController.php | Line: 37
=========================
[2021-02-04 23:24:42]
      Text error: syntax error, unexpected '}' | File: D:\downloads\OSPanel\domains\ishop.loc\app\models\Breadcrumbs.php | Line: 13
=========================
[2021-02-04 23:39:29]
      Text error: syntax error, unexpected '}' | File: D:\downloads\OSPanel\domains\ishop.loc\app\models\Breadcrumbs.php | Line: 18
=========================
[2021-02-04 23:39:45]
      Text error: syntax error, unexpected '}' | File: D:\downloads\OSPanel\domains\ishop.loc\app\models\Breadcrumbs.php | Line: 23
=========================
[2021-02-05 00:01:59]
      Text error: Page Not Found | File: D:\downloads\OSPanel\domains\ishop.loc\vendor\ishop\core\Router.php | Line: 44
=========================
[2021-02-05 00:02:29]
      Text error: Page Not Found | File: D:\downloads\OSPanel\domains\ishop.loc\vendor\ishop\core\Router.php | Line: 44
=========================
[2021-02-05 00:03:20]
      Text error: Page Not Found | File: D:\downloads\OSPanel\domains\ishop.loc\vendor\ishop\core\Router.php | Line: 44
=========================
[2021-02-05 00:09:06]
      Text error: Page Not Found | File: D:\downloads\OSPanel\domains\ishop.loc\vendor\ishop\core\Router.php | Line: 44
=========================
[2021-02-06 15:37:40]
      Text error: Page Not Found | File: D:\downloads\OSPanel\domains\ishop.loc\vendor\ishop\core\Router.php | Line: 44
=========================
[2021-02-06 15:43:56]
      Text error: Controller app\controllers\CartController not found | File: D:\downloads\OSPanel\domains\ishop.loc\vendor\ishop\core\Router.php | Line: 41
=========================
[2021-02-06 15:45:41]
      Text error: Page Not Found | File: D:\downloads\OSPanel\domains\ishop.loc\vendor\ishop\core\Router.php | Line: 44
=========================
[2021-02-06 15:48:00]
      Text error: Page Not Found | File: D:\downloads\OSPanel\domains\ishop.loc\vendor\ishop\core\Router.php | Line: 44
=========================
[2021-02-06 15:50:04]
      Text error: Page Not Found | File: D:\downloads\OSPanel\domains\ishop.loc\vendor\ishop\core\Router.php | Line: 44
=========================
[2021-02-06 15:57:01]
      Text error: Page Not Found | File: D:\downloads\OSPanel\domains\ishop.loc\vendor\ishop\core\Router.php | Line: 44
=========================
[2021-02-06 16:50:10]
      Text error: Page Not Found | File: D:\downloads\OSPanel\domains\ishop.loc\vendor\ishop\core\Router.php | Line: 44
=========================
[2021-02-06 17:03:48]
      Text error: Page Not Found | File: D:\downloads\OSPanel\domains\ishop.loc\vendor\ishop\core\Router.php | Line: 44
=========================
[2021-02-06 17:38:18]
      Text error: Page Not Found | File: D:\downloads\OSPanel\domains\ishop.loc\vendor\ishop\core\Router.php | Line: 44
=========================
[2021-02-06 17:38:18]
      Text error: Page Not Found | File: D:\downloads\OSPanel\domains\ishop.loc\vendor\ishop\core\Router.php | Line: 44
=========================
[2021-02-06 17:38:18]
      Text error: Page Not Found | File: D:\downloads\OSPanel\domains\ishop.loc\vendor\ishop\core\Router.php | Line: 44
=========================
[2021-02-06 17:44:53]
      Text error: Page Not Found | File: D:\downloads\OSPanel\domains\ishop.loc\vendor\ishop\core\Router.php | Line: 44
=========================
[2021-02-06 17:47:59]
      Text error: Page Not Found | File: D:\downloads\OSPanel\domains\ishop.loc\vendor\ishop\core\Router.php | Line: 44
=========================
[2021-02-11 22:56:18]
      Text error: Page Not Found | File: D:\downloads\OSPanel\domains\ishop.loc\vendor\ishop\core\Router.php | Line: 44
=========================
[2021-02-11 23:09:41]
      Text error: Method app\controllers\CartController::showAction Not Found | File: D:\downloads\OSPanel\domains\ishop.loc\vendor\ishop\core\Router.php | Line: 38
=========================
[2021-02-11 23:10:10]
      Text error: Method app\controllers\CartController::showAction Not Found | File: D:\downloads\OSPanel\domains\ishop.loc\vendor\ishop\core\Router.php | Line: 38
=========================
[2021-02-11 23:10:56]
      Text error: Method app\controllers\CartController::showAction Not Found | File: D:\downloads\OSPanel\domains\ishop.loc\vendor\ishop\core\Router.php | Line: 38
=========================
[2021-02-11 23:12:34]
      Text error: Method app\controllers\CartController::showAction Not Found | File: D:\downloads\OSPanel\domains\ishop.loc\vendor\ishop\core\Router.php | Line: 38
=========================
[2021-02-11 23:13:49]
      Text error: Page Not Found | File: D:\downloads\OSPanel\domains\ishop.loc\vendor\ishop\core\Router.php | Line: 44
=========================
[2021-02-11 23:13:53]
      Text error: Method app\controllers\CartController::showAction Not Found | File: D:\downloads\OSPanel\domains\ishop.loc\vendor\ishop\core\Router.php | Line: 38
=========================
[2021-02-11 23:59:36]
      Text error: View  not found | File: D:\downloads\OSPanel\domains\ishop.loc\vendor\ishop\core\base\View.php | Line: 44
=========================
[2021-02-15 19:47:18]
      Text error: Page Not Found | File: D:\downloads\OSPanel\domains\ishop.loc\vendor\ishop\core\Router.php | Line: 44
=========================
[2021-02-15 20:06:54]
      Text error: Controller app\controllers\SearchController not found | File: D:\downloads\OSPanel\domains\ishop.loc\vendor\ishop\core\Router.php | Line: 41
=========================
[2021-02-15 20:10:27]
      Text error: Controller app\controllers\SearchController not found | File: D:\downloads\OSPanel\domains\ishop.loc\vendor\ishop\core\Router.php | Line: 41
=========================
[2021-02-15 20:14:52]
      Text error: Method app\controllers\SearchController::indexAction Not Found | File: D:\downloads\OSPanel\domains\ishop.loc\vendor\ishop\core\Router.php | Line: 38
=========================
[2021-02-15 20:19:52]
      Text error: Page Not Found | File: D:\downloads\OSPanel\domains\ishop.loc\vendor\ishop\core\Router.php | Line: 44
=========================
[2021-02-15 20:21:40]
      Text error: Page Not Found | File: D:\downloads\OSPanel\domains\ishop.loc\vendor\ishop\core\Router.php | Line: 44
=========================
[2021-02-15 20:21:54]
      Text error: Method app\controllers\SearchController::indexAction Not Found | File: D:\downloads\OSPanel\domains\ishop.loc\vendor\ishop\core\Router.php | Line: 38
=========================
[2021-02-15 20:25:27]
      Text error: Controller app\controllers\CategoryController not found | File: D:\downloads\OSPanel\domains\ishop.loc\vendor\ishop\core\Router.php | Line: 41
=========================
[2021-02-15 20:25:33]
      Text error: Controller app\controllers\CategoryController not found | File: D:\downloads\OSPanel\domains\ishop.loc\vendor\ishop\core\Router.php | Line: 41
=========================
[2021-02-15 23:08:42]
      Text error: Method app\controllers\CategoryController::casioAction Not Found | File: D:\downloads\OSPanel\domains\ishop.loc\vendor\ishop\core\Router.php | Line: 38
=========================
[2021-02-15 23:10:41]
      Text error: View  not found | File: D:\downloads\OSPanel\domains\ishop.loc\vendor\ishop\core\base\View.php | Line: 44
=========================
[2021-02-15 23:21:32]
      Text error: syntax error, unexpected end of file, expecting function (T_FUNCTION) or const (T_CONST) | File: D:\downloads\OSPanel\domains\ishop.loc\app\models\Category.php | Line: 21
=========================
[2021-02-15 23:22:30]
      Text error: View  not found | File: D:\downloads\OSPanel\domains\ishop.loc\vendor\ishop\core\base\View.php | Line: 44
=========================
[2021-02-15 23:38:58]
      Text error: Page Not Found | File: D:\downloads\OSPanel\domains\ishop.loc\vendor\ishop\core\Router.php | Line: 44
=========================
[2021-02-16 21:56:07]
      Text error: No connection to db | File: D:\OpenServer\domains\ishop.loc\vendor\ishop\core\Db.php | Line: 16
=========================
[2021-02-16 21:56:08]
      Text error: Page Not Found | File: D:\OpenServer\domains\ishop.loc\vendor\ishop\core\Router.php | Line: 44
=========================
[2021-02-16 22:02:01]
      Text error: Page Not Found | File: D:\OpenServer\domains\ishop.loc\vendor\ishop\core\Router.php | Line: 44
=========================
[2021-02-16 22:02:12]
      Text error: Page Not Found | File: D:\OpenServer\domains\ishop.loc\vendor\ishop\core\Router.php | Line: 44
=========================
[2021-02-16 22:04:40]
      Text error: Page Not Found | File: D:\OpenServer\domains\ishop.loc\vendor\ishop\core\Router.php | Line: 44
=========================
[2021-02-16 22:07:50]
      Text error: Page Not Found | File: D:\OpenServer\domains\ishop.loc\vendor\ishop\core\Router.php | Line: 44
=========================
[2021-02-16 22:08:24]
      Text error: Page Not Found | File: D:\OpenServer\domains\ishop.loc\vendor\ishop\core\Router.php | Line: 44
=========================
[2021-02-16 22:10:42]
      Text error: Page Not Found | File: D:\OpenServer\domains\ishop.loc\vendor\ishop\core\Router.php | Line: 44
=========================
[2021-02-16 22:48:51]
      Text error: syntax error, unexpected '}' | File: D:\OpenServer\domains\ishop.loc\vendor\ishop\core\libs\Pagination.php | Line: 68
=========================
[2021-02-16 23:05:18]
      Text error: Cannot use object of type ishop\libs\Pagination as array | File: D:\OpenServer\domains\ishop.loc\app\views\Category\view.php | Line: 45
=========================
[2021-02-16 23:05:18]
      Text error: Page Not Found | File: D:\OpenServer\domains\ishop.loc\vendor\ishop\core\Router.php | Line: 44
=========================
[2021-02-16 23:05:18]
      Text error: Page Not Found | File: D:\OpenServer\domains\ishop.loc\vendor\ishop\core\Router.php | Line: 44
=========================
[2021-02-16 23:05:18]
      Text error: Page Not Found | File: D:\OpenServer\domains\ishop.loc\vendor\ishop\core\Router.php | Line: 44
=========================
[2021-02-27 23:59:58]
      Text error: Page Not Found | File: D:\OpenServer\domains\ishop.loc\vendor\ishop\core\Router.php | Line: 44
=========================
[2021-02-28 00:29:03]
      Text error: Page Not Found | File: D:\OpenServer\domains\ishop.loc\vendor\ishop\core\Router.php | Line: 44
=========================
[2021-02-28 00:45:46]
      Text error: Controller app\controllers\SdfkgsdController not found | File: D:\OpenServer\domains\ishop.loc\vendor\ishop\core\Router.php | Line: 41
=========================
[2021-02-28 00:45:58]
      Text error: Page not found | File: D:\OpenServer\domains\ishop.loc\app\controllers\ProductController.php | Line: 17
=========================
[2021-03-09 22:43:41]
      Text error: Page Not Found | File: D:\OpenServer\domains\ishop.loc\vendor\ishop\core\Router.php | Line: 44
=========================
[2021-03-09 22:54:07]
      Text error: Page Not Found | File: D:\OpenServer\domains\ishop.loc\vendor\ishop\core\Router.php | Line: 44
=========================
[2021-03-09 22:56:38]
      Text error: Page Not Found | File: D:\OpenServer\domains\ishop.loc\vendor\ishop\core\Router.php | Line: 44
=========================
[2021-03-09 22:57:19]
      Text error: Page Not Found | File: D:\OpenServer\domains\ishop.loc\vendor\ishop\core\Router.php | Line: 44
=========================
[2021-03-09 22:57:46]
      Text error: Page Not Found | File: D:\OpenServer\domains\ishop.loc\vendor\ishop\core\Router.php | Line: 44
=========================
[2021-03-09 22:59:41]
      Text error: Page Not Found | File: D:\OpenServer\domains\ishop.loc\vendor\ishop\core\Router.php | Line: 44
=========================
[2021-03-09 23:00:25]
      Text error: Page Not Found | File: D:\OpenServer\domains\ishop.loc\vendor\ishop\core\Router.php | Line: 44
=========================
[2021-03-09 23:21:41]
      Text error: Page Not Found | File: D:\OpenServer\domains\ishop.loc\vendor\ishop\core\Router.php | Line: 44
=========================
[2021-03-09 23:23:56]
      Text error: Page Not Found | File: D:\OpenServer\domains\ishop.loc\vendor\ishop\core\Router.php | Line: 44
=========================
[2021-03-09 23:24:14]
      Text error: Page Not Found | File: D:\OpenServer\domains\ishop.loc\vendor\ishop\core\Router.php | Line: 44
=========================
[2021-03-09 23:24:33]
      Text error: Page Not Found | File: D:\OpenServer\domains\ishop.loc\vendor\ishop\core\Router.php | Line: 44
=========================
[2021-03-09 23:29:58]
      Text error: Page Not Found | File: D:\OpenServer\domains\ishop.loc\vendor\ishop\core\Router.php | Line: 44
=========================
[2021-03-09 23:47:24]
      Text error: Page Not Found | File: D:\OpenServer\domains\ishop.loc\vendor\ishop\core\Router.php | Line: 44
=========================
[2021-03-09 23:47:45]
      Text error: syntax error, unexpected '}', expecting ';' or ',' | File: D:\OpenServer\domains\ishop.loc\app\models\User.php | Line: 30
=========================
[2021-03-09 23:48:53]
      Text error: Page Not Found | File: D:\OpenServer\domains\ishop.loc\vendor\ishop\core\Router.php | Line: 44
=========================
[2021-03-09 23:57:53]
      Text error: syntax error, unexpected '}' | File: D:\OpenServer\domains\ishop.loc\app\models\User.php | Line: 38
=========================
[2021-03-10 00:00:43]
      Text error: Page Not Found | File: D:\OpenServer\domains\ishop.loc\vendor\ishop\core\Router.php | Line: 44
=========================
[2021-03-10 00:01:29]
      Text error: Page Not Found | File: D:\OpenServer\domains\ishop.loc\vendor\ishop\core\Router.php | Line: 44
=========================
[2021-03-10 00:02:30]
      Text error: Page Not Found | File: D:\OpenServer\domains\ishop.loc\vendor\ishop\core\Router.php | Line: 44
=========================
[2021-03-10 00:12:40]
      Text error: Page Not Found | File: D:\OpenServer\domains\ishop.loc\vendor\ishop\core\Router.php | Line: 44
=========================
[2021-03-10 00:12:52]
      Text error: SQLSTATE[HY000]: General error: 1364 Field 'login' doesn't have a default value | File: D:\OpenServer\domains\ishop.loc\vendor\gabordemooij\redbean\RedBeanPHP\Driver\RPDO.php | Line: 202
=========================
[2021-03-10 00:41:13]
      Text error: Page Not Found | File: D:\OpenServer\domains\ishop.loc\vendor\ishop\core\Router.php | Line: 44
=========================
[2021-03-10 00:46:42]
      Text error: Page Not Found | File: D:\OpenServer\domains\ishop.loc\vendor\ishop\core\Router.php | Line: 44
=========================
[2021-03-10 00:47:29]
      Text error: Page Not Found | File: D:\OpenServer\domains\ishop.loc\vendor\ishop\core\Router.php | Line: 44
=========================
[2021-03-10 00:48:35]
      Text error: Page Not Found | File: D:\OpenServer\domains\ishop.loc\vendor\ishop\core\Router.php | Line: 44
=========================
[2021-03-10 00:50:09]
      Text error: Page Not Found | File: D:\OpenServer\domains\ishop.loc\vendor\ishop\core\Router.php | Line: 44
=========================
[2021-03-10 00:53:39]
      Text error: Page Not Found | File: D:\OpenServer\domains\ishop.loc\vendor\ishop\core\Router.php | Line: 44
=========================
[2021-03-10 00:57:42]
      Text error: Page Not Found | File: D:\OpenServer\domains\ishop.loc\vendor\ishop\core\Router.php | Line: 44
=========================
[2021-03-10 01:04:29]
      Text error: Page Not Found | File: D:\OpenServer\domains\ishop.loc\vendor\ishop\core\Router.php | Line: 44
=========================
[2021-03-10 17:34:28]
      Text error: Page Not Found | File: D:\OpenServer\domains\ishop.loc\vendor\ishop\core\Router.php | Line: 44
=========================
[2021-03-10 18:13:17]
      Text error: Page Not Found | File: D:\OpenServer\domains\ishop.loc\vendor\ishop\core\Router.php | Line: 44
=========================
[2021-03-10 18:15:31]
      Text error: Page Not Found | File: D:\OpenServer\domains\ishop.loc\vendor\ishop\core\Router.php | Line: 44
=========================
[2021-03-10 18:15:52]
      Text error: Page Not Found | File: D:\OpenServer\domains\ishop.loc\vendor\ishop\core\Router.php | Line: 44
=========================
[2021-03-10 18:33:16]
      Text error: Page Not Found | File: D:\OpenServer\domains\ishop.loc\vendor\ishop\core\Router.php | Line: 44
=========================
[2021-03-10 19:06:07]
      Text error: Page Not Found | File: D:\OpenServer\domains\ishop.loc\vendor\ishop\core\Router.php | Line: 44
=========================
[2021-03-10 19:07:46]
      Text error: Page Not Found | File: D:\OpenServer\domains\ishop.loc\vendor\ishop\core\Router.php | Line: 44
=========================
[2021-03-10 19:08:03]
      Text error: Page Not Found | File: D:\OpenServer\domains\ishop.loc\vendor\ishop\core\Router.php | Line: 44
=========================
[2021-03-11 00:04:07]
      Text error: Page Not Found | File: D:\OpenServer\domains\ishop.loc\vendor\ishop\core\Router.php | Line: 44
=========================
[2021-03-11 01:05:35]
      Text error: Page Not Found | File: D:\OpenServer\domains\ishop.loc\vendor\ishop\core\Router.php | Line: 44
=========================
[2021-03-11 01:12:13]
      Text error: Page Not Found | File: D:\OpenServer\domains\ishop.loc\vendor\ishop\core\Router.php | Line: 44
=========================
[2021-03-11 01:12:16]
      Text error: Failed to authenticate on SMTP server with username "baruzda1403@gmail.com" using 3 possible authenticators. Authenticator LOGIN returned Expected response code 235 but got code "535", with message "535-5.7.8 Username and Password not accepted. Learn more at
535 5.7.8  https://support.google.com/mail/?p=BadCredentials u63sm738330wmg.24 - gsmtp
". Authenticator PLAIN returned Expected response code 235 but got code "535", with message "535-5.7.8 Username and Password not accepted. Learn more at
535 5.7.8  https://support.google.com/mail/?p=BadCredentials u63sm738330wmg.24 - gsmtp
". Authenticator XOAUTH2 returned Expected response code 250 but got code "535", with message "535-5.7.8 Username and Password not accepted. Learn more at
535 5.7.8  https://support.google.com/mail/?p=BadCredentials u63sm738330wmg.24 - gsmtp
". | File: D:\OpenServer\domains\ishop.loc\vendor\swiftmailer\swiftmailer\lib\classes\Swift\Transport\Esmtp\AuthHandler.php | Line: 191
=========================
[2021-03-11 01:16:38]
      Text error: Failed to authenticate on SMTP server with username "baruzda1403@gmail.com" using 3 possible authenticators. Authenticator LOGIN returned Expected response code 235 but got code "535", with message "535-5.7.8 Username and Password not accepted. Learn more at
535 5.7.8  https://support.google.com/mail/?p=BadCredentials c11sm714512wrm.67 - gsmtp
". Authenticator PLAIN returned Expected response code 235 but got code "535", with message "535-5.7.8 Username and Password not accepted. Learn more at
535 5.7.8  https://support.google.com/mail/?p=BadCredentials c11sm714512wrm.67 - gsmtp
". Authenticator XOAUTH2 returned Expected response code 250 but got code "535", with message "535-5.7.8 Username and Password not accepted. Learn more at
535 5.7.8  https://support.google.com/mail/?p=BadCredentials c11sm714512wrm.67 - gsmtp
". | File: D:\OpenServer\domains\ishop.loc\vendor\swiftmailer\swiftmailer\lib\classes\Swift\Transport\Esmtp\AuthHandler.php | Line: 191
=========================
[2021-03-11 01:18:02]
      Text error: Failed to authenticate on SMTP server with username "baruzda1403@gmail.com" using 3 possible authenticators. Authenticator LOGIN returned Expected response code 235 but got code "535", with message "535-5.7.8 Username and Password not accepted. Learn more at
535 5.7.8  https://support.google.com/mail/?p=BadCredentials 18sm744523wmj.21 - gsmtp
". Authenticator PLAIN returned Expected response code 235 but got code "535", with message "535-5.7.8 Username and Password not accepted. Learn more at
535 5.7.8  https://support.google.com/mail/?p=BadCredentials 18sm744523wmj.21 - gsmtp
". Authenticator XOAUTH2 returned Expected response code 250 but got code "535", with message "535-5.7.8 Username and Password not accepted. Learn more at
535 5.7.8  https://support.google.com/mail/?p=BadCredentials 18sm744523wmj.21 - gsmtp
". | File: D:\OpenServer\domains\ishop.loc\vendor\swiftmailer\swiftmailer\lib\classes\Swift\Transport\Esmtp\AuthHandler.php | Line: 191
=========================
[2021-03-11 01:18:43]
      Text error: Page Not Found | File: D:\OpenServer\domains\ishop.loc\vendor\ishop\core\Router.php | Line: 44
=========================
[2021-03-11 01:20:25]
      Text error: Failed to authenticate on SMTP server with username "baruzda1403@gmail.com" using 3 possible authenticators. Authenticator LOGIN returned Expected response code 235 but got code "535", with message "535-5.7.8 Username and Password not accepted. Learn more at
535 5.7.8  https://support.google.com/mail/?p=BadCredentials l8sm689950wrx.83 - gsmtp
". Authenticator PLAIN returned Expected response code 235 but got code "535", with message "535-5.7.8 Username and Password not accepted. Learn more at
535 5.7.8  https://support.google.com/mail/?p=BadCredentials l8sm689950wrx.83 - gsmtp
". Authenticator XOAUTH2 returned Expected response code 250 but got code "535", with message "535-5.7.8 Username and Password not accepted. Learn more at
535 5.7.8  https://support.google.com/mail/?p=BadCredentials l8sm689950wrx.83 - gsmtp
". | File: D:\OpenServer\domains\ishop.loc\vendor\swiftmailer\swiftmailer\lib\classes\Swift\Transport\Esmtp\AuthHandler.php | Line: 191
=========================
[2021-03-11 01:45:46]
      Text error: Page Not Found | File: D:\OpenServer\domains\ishop.loc\vendor\ishop\core\Router.php | Line: 44
=========================
[2021-03-11 10:49:32]
      Text error: syntax error, unexpected ')', expecting variable (T_VARIABLE) or '{' or '$' | File: D:\OpenServer\domains\ishop.loc\app\controllers\CartController.php | Line: 34
=========================
[2021-03-11 12:22:50]
      Text error: View  not found | File: D:\OpenServer\domains\ishop.loc\vendor\ishop\core\base\View.php | Line: 44
=========================
[2021-03-11 12:23:47]
      Text error: View  not found | File: D:\OpenServer\domains\ishop.loc\vendor\ishop\core\base\View.php | Line: 44
=========================
[2021-03-12 18:30:56]
      Text error: Page Not Found | File: D:\OpenServer\domains\ishop.loc\vendor\ishop\core\Router.php | Line: 44
=========================
[2021-03-12 18:30:56]
      Text error: Page Not Found | File: D:\OpenServer\domains\ishop.loc\vendor\ishop\core\Router.php | Line: 44
=========================
[2021-03-12 18:30:56]
      Text error: Page Not Found | File: D:\OpenServer\domains\ishop.loc\vendor\ishop\core\Router.php | Line: 44
=========================
[2021-03-12 18:30:56]
      Text error: Page Not Found | File: D:\OpenServer\domains\ishop.loc\vendor\ishop\core\Router.php | Line: 44
=========================
[2021-03-12 19:18:16]
      Text error: Page Not Found | File: D:\OpenServer\domains\ishop.loc\vendor\ishop\core\Router.php | Line: 44
=========================
[2021-03-12 19:18:17]
      Text error: Page Not Found | File: D:\OpenServer\domains\ishop.loc\vendor\ishop\core\Router.php | Line: 44
=========================
[2021-03-12 19:18:17]
      Text error: Page Not Found | File: D:\OpenServer\domains\ishop.loc\vendor\ishop\core\Router.php | Line: 44
=========================
[2021-03-12 19:19:24]
      Text error: Page Not Found | File: D:\OpenServer\domains\ishop.loc\vendor\ishop\core\Router.php | Line: 44
=========================
[2021-03-12 19:19:24]
      Text error: Page Not Found | File: D:\OpenServer\domains\ishop.loc\vendor\ishop\core\Router.php | Line: 44
=========================
[2021-03-12 19:19:24]
      Text error: Page Not Found | File: D:\OpenServer\domains\ishop.loc\vendor\ishop\core\Router.php | Line: 44
=========================
[2021-03-12 19:26:16]
      Text error: Page Not Found | File: D:\OpenServer\domains\ishop.loc\vendor\ishop\core\Router.php | Line: 44
=========================
[2021-03-12 19:26:23]
      Text error: Page Not Found | File: D:\OpenServer\domains\ishop.loc\vendor\ishop\core\Router.php | Line: 44
=========================
[2021-03-12 20:04:17]
      Text error: Page Not Found | File: D:\OpenServer\domains\ishop.loc\vendor\ishop\core\Router.php | Line: 44
=========================
[2021-03-12 20:52:20]
      Text error: syntax error, unexpected '}' | File: D:\OpenServer\domains\ishop.loc\app\controllers\CategoryController.php | Line: 39
=========================
[2021-03-12 20:52:20]
      Text error: Page Not Found | File: D:\OpenServer\domains\ishop.loc\vendor\ishop\core\Router.php | Line: 44
=========================
[2021-03-12 21:10:37]
      Text error: Page Not Found | File: D:\OpenServer\domains\ishop.loc\vendor\ishop\core\Router.php | Line: 44
=========================
[2021-03-12 21:10:56]
      Text error: Page Not Found | File: D:\OpenServer\domains\ishop.loc\vendor\ishop\core\Router.php | Line: 44
=========================
[2021-03-12 21:13:40]
      Text error: Page Not Found | File: D:\OpenServer\domains\ishop.loc\vendor\ishop\core\Router.php | Line: 44
=========================
[2021-03-12 21:16:25]
      Text error: Page Not Found | File: D:\OpenServer\domains\ishop.loc\vendor\ishop\core\Router.php | Line: 44
=========================
[2021-03-13 21:10:07]
      Text error: Page Not Found | File: D:\OpenServer\domains\ishop.loc\vendor\ishop\core\Router.php | Line: 44
=========================
[2021-03-13 21:15:12]
      Text error: Page Not Found | File: D:\OpenServer\domains\ishop.loc\vendor\ishop\core\Router.php | Line: 44
=========================
[2021-03-13 21:29:59]
      Text error: SQLSTATE[42S22]: Column not found: 1054 Unknown column 'product_id' in 'group statement' | File: D:\OpenServer\domains\ishop.loc\vendor\gabordemooij\redbean\RedBeanPHP\Driver\RPDO.php | Line: 202
=========================
[2021-03-13 21:29:59]
      Text error: Page Not Found | File: D:\OpenServer\domains\ishop.loc\vendor\ishop\core\Router.php | Line: 44
=========================
[2021-03-13 21:30:54]
      Text error: SQLSTATE[42S22]: Column not found: 1054 Unknown column 'product_id' in 'group statement' | File: D:\OpenServer\domains\ishop.loc\vendor\gabordemooij\redbean\RedBeanPHP\Driver\RPDO.php | Line: 202
=========================
[2021-03-13 21:31:11]
      Text error: SQLSTATE[42S22]: Column not found: 1054 Unknown column 'product_id' in 'group statement' | File: D:\OpenServer\domains\ishop.loc\vendor\gabordemooij\redbean\RedBeanPHP\Driver\RPDO.php | Line: 202
=========================
[2021-03-13 21:32:05]
      Text error: SQLSTATE[42S22]: Column not found: 1054 Unknown column 'product_id' in 'group statement' | File: D:\OpenServer\domains\ishop.loc\vendor\gabordemooij\redbean\RedBeanPHP\Driver\RPDO.php | Line: 202
=========================
[2021-03-13 21:32:05]
      Text error: Page Not Found | File: D:\OpenServer\domains\ishop.loc\vendor\ishop\core\Router.php | Line: 44
=========================
[2021-03-13 21:32:16]
      Text error: SQLSTATE[42S22]: Column not found: 1054 Unknown column 'product_id' in 'group statement' | File: D:\OpenServer\domains\ishop.loc\vendor\gabordemooij\redbean\RedBeanPHP\Driver\RPDO.php | Line: 202
=========================
